Using pre-set license
Built from '2020.3/staging' branch; Version is '2020.3.26f1 (7298b473bc1a) revision 7510196'; Using compiler version '192528614'; Build Type 'Release'
OS: 'Windows 10  (10.0.19042) 64bit Core' Language: 'en' Physical Memory: 32694 MB
BatchMode: 1, IsHumanControllingUs: 0, StartBugReporterOnCrash: 0, Is64bit: 1, IsPro: 0

COMMAND LINE ARGUMENTS:
F:\Program Files\Unity Editors\2020.3.26f1\Editor\Unity.exe
-adb2
-batchMode
-noUpm
-name
AssetImportWorker0
-projectPath
F:/git/SimpleTankGame
-logFile
Logs/AssetImportWorker0.log
-srvPort
58056
Successfully changed project path to: F:/git/SimpleTankGame
F:/git/SimpleTankGame
Using Asset Import Pipeline V2.
Refreshing native plugins compatible for Editor in 25.67 ms, found 0 plugins.
Preloading 0 native plugins for Editor in 0.00 ms.
Initialize engine version: 2020.3.26f1 (7298b473bc1a)
[Subsystems] Discovering subsystems at path F:/Program Files/Unity Editors/2020.3.26f1/Editor/Data/Resources/UnitySubsystems
[Subsystems] Discovering subsystems at path F:/git/SimpleTankGame/Assets
GfxDevice: creating device client; threaded=0
Direct3D:
    Version:  Direct3D 11.0 [level 11.1]
    Renderer: NVIDIA GeForce RTX 3070 (ID=0x2484)
    Vendor:   
    VRAM:     8043 MB
    Driver:   30.0.15.1123
Initialize mono
Mono path[0] = 'F:/Program Files/Unity Editors/2020.3.26f1/Editor/Data/Managed'
Mono path[1] = 'F:/Program Files/Unity Editors/2020.3.26f1/Editor/Data/MonoBleedingEdge/lib/mono/unityjit'
Mono config path = 'F:/Program Files/Unity Editors/2020.3.26f1/Editor/Data/MonoBleedingEdge/etc'
Using monoOptions --debugger-agent=transport=dt_socket,embedding=1,server=y,suspend=n,address=127.0.0.1:56488
Begin MonoManager ReloadAssembly
Registering precompiled unity dll's ...
Register platform support module: F:/Program Files/Unity Editors/2020.3.26f1/Editor/Data/PlaybackEngines/WebGLSupport/UnityEditor.WebGL.Extensions.dll
Register platform support module: F:/Program Files/Unity Editors/2020.3.26f1/Editor/Data/PlaybackEngines/WindowsStandaloneSupport/UnityEditor.WindowsStandalone.Extensions.dll
Registered in 0.001296 seconds.
Native extension for WindowsStandalone target not found
Native extension for WebGL target not found
Refreshing native plugins compatible for Editor in 24.18 ms, found 0 plugins.
Preloading 0 native plugins for Editor in 0.00 ms.
Mono: successfully reloaded assembly
- Completed reload, in  0.440 seconds
Domain Reload Profiling:
	ReloadAssembly (440ms)
		BeginReloadAssembly (43ms)
			ExecutionOrderSort (0ms)
			DisableScriptedObjects (0ms)
			BackupInstance (0ms)
			ReleaseScriptingObjects (0ms)
			CreateAndSetChildDomain (1ms)
		EndReloadAssembly (342ms)
			LoadAssemblies (42ms)
			RebuildTransferFunctionScriptingTraits (0ms)
			SetupTypeCache (116ms)
			ReleaseScriptCaches (0ms)
			RebuildScriptCaches (24ms)
			SetupLoadedEditorAssemblies (124ms)
				LogAssemblyErrors (0ms)
				InitializePlatformSupportModulesInManaged (4ms)
				SetLoadedEditorAssemblies (0ms)
				RefreshPlugins (24ms)
				BeforeProcessingInitializeOnLoad (13ms)
				ProcessInitializeOnLoadAttributes (61ms)
				ProcessInitializeOnLoadMethodAttributes (21ms)
				AfterProcessingInitializeOnLoad (0ms)
				EditorAssembliesLoaded (0ms)
			ExecutionOrderSort2 (0ms)
			AwakeInstancesAfterBackupRestoration (0ms)
Platform modules already initialized, skipping
Registering precompiled user dll's ...
Registered in 0.004767 seconds.
Begin MonoManager ReloadAssembly
Native extension for WindowsStandalone target not found
Native extension for WebGL target not found
Refreshing native plugins compatible for Editor in 0.34 ms, found 0 plugins.
Preloading 0 native plugins for Editor in 0.00 ms.
Mono: successfully reloaded assembly
- Completed reload, in  0.823 seconds
Domain Reload Profiling:
	ReloadAssembly (825ms)
		BeginReloadAssembly (117ms)
			ExecutionOrderSort (0ms)
			DisableScriptedObjects (4ms)
			BackupInstance (0ms)
			ReleaseScriptingObjects (0ms)
			CreateAndSetChildDomain (17ms)
		EndReloadAssembly (661ms)
			LoadAssemblies (70ms)
			RebuildTransferFunctionScriptingTraits (0ms)
			SetupTypeCache (184ms)
			ReleaseScriptCaches (0ms)
			RebuildScriptCaches (38ms)
			SetupLoadedEditorAssemblies (304ms)
				LogAssemblyErrors (0ms)
				InitializePlatformSupportModulesInManaged (3ms)
				SetLoadedEditorAssemblies (0ms)
				RefreshPlugins (0ms)
				BeforeProcessingInitializeOnLoad (60ms)
				ProcessInitializeOnLoadAttributes (231ms)
				ProcessInitializeOnLoadMethodAttributes (6ms)
				AfterProcessingInitializeOnLoad (2ms)
				EditorAssembliesLoaded (0ms)
			ExecutionOrderSort2 (0ms)
			AwakeInstancesAfterBackupRestoration (5ms)
Platform modules already initialized, skipping
========================================================================
Worker process is ready to serve import requests
Launched and connected shader compiler UnityShaderCompiler.exe after 0.04 seconds
Refreshing native plugins compatible for Editor in 0.33 ms, found 0 plugins.
Preloading 0 native plugins for Editor in 0.00 ms.
Unloading 1581 Unused Serialized files (Serialized files now loaded: 0)
System memory in use before: 83.2 MB.
System memory in use after: 83.3 MB.

Unloading 20 unused Assets to reduce memory usage. Loaded Objects now: 2010.
Total: 2.571600 ms (FindLiveObjects: 0.161300 ms CreateObjectMapping: 0.035300 ms MarkObjects: 2.308900 ms  DeleteObjects: 0.065100 ms)

AssetImportParameters requested are different than current active one (requested -> active):
  custom:framework-win-MediaFoundation: 216162199b28c13a410421893ffa2e32 -> 
  custom:video-decoder-ogg-theora: a1e56fd34408186e4bbccfd4996cb3dc -> 
  custom:container-muxer-webm: aa71ff27fc2769a1b78a27578f13a17b -> 
  custom:container-demuxer-webm: 4f35f7cbe854078d1ac9338744f61a02 -> 
  custom:container-demuxer-ogg: 62fdf1f143b41e24485cea50d1cbac27 -> 
  custom:video-encoder-webm-vp8: eb34c28f22e8b96e1ab97ce403110664 -> 
  custom:video-decoder-webm-vp8: 9c59270c3fd7afecdb556c50c9e8de78 -> 
  custom:audio-decoder-ogg-vorbis: bf7c407c2cedff20999df2af8eb42d56 -> 
  custom:audio-encoder-webm-vorbis: bf7c407c2cedff20999df2af8eb42d56 -> 
========================================================================
Received Import Request.
  path: Assets
  artifactKey: Guid(00000000000000001000000000000000) Importer(815301076,1909f56bfc062723c751e8b465ee728b)
Start importing Assets using Guid(00000000000000001000000000000000) Importer(815301076,1909f56bfc062723c751e8b465ee728b)  -> (artifact id: '42d402b061de3733987d63b9cc3b64de') in 0.005523 seconds 
  Import took 0.007569 seconds .

========================================================================
Received Import Request.
  Time since last request: 4.016525 seconds.
  path: Assets/Scripts
  artifactKey: Guid(1a9259d9e167d244e87f7d4202b74376) Importer(815301076,1909f56bfc062723c751e8b465ee728b)
Start importing Assets/Scripts using Guid(1a9259d9e167d244e87f7d4202b74376) Importer(815301076,1909f56bfc062723c751e8b465ee728b)  -> (artifact id: 'd32d4b46de811f697b9e28786d117243') in 0.003829 seconds 
  Import took 0.006324 seconds .

========================================================================
Received Import Request.
  Time since last request: 5.255500 seconds.
  path: Assets/Prefabs
  artifactKey: Guid(99a2a32c8af2bb8449e0fa036792989c) Importer(815301076,1909f56bfc062723c751e8b465ee728b)
Start importing Assets/Prefabs using Guid(99a2a32c8af2bb8449e0fa036792989c) Importer(815301076,1909f56bfc062723c751e8b465ee728b)  -> (artifact id: '35d870e583858cbbe941a635bc67990e') in 0.003427 seconds 
  Import took 0.005523 seconds .

========================================================================
Received Import Request.
  Time since last request: 16.105749 seconds.
  path: Assets/New Folder
  artifactKey: Guid(2c952860b8e29944e829672d646a7d49) Importer(815301076,1909f56bfc062723c751e8b465ee728b)
Start importing Assets/New Folder using Guid(2c952860b8e29944e829672d646a7d49) Importer(815301076,1909f56bfc062723c751e8b465ee728b)  -> (artifact id: 'f663f9ad21cba8df8ab45f56698c3804') in 0.003448 seconds 
  Import took 0.005747 seconds .

========================================================================
Received Import Request.
  Time since last request: 94.117047 seconds.
  path: Assets/Prefabs/Player.prefab
  artifactKey: Guid(fe2e466ccf88cff448b517fb332933c5) Importer(815301076,1909f56bfc062723c751e8b465ee728b)
Start importing Assets/Prefabs/Player.prefab using Guid(fe2e466ccf88cff448b517fb332933c5) Importer(815301076,1909f56bfc062723c751e8b465ee728b)  -> (artifact id: '50c053a78825ef2aca2562083e9f93db') in 0.038162 seconds 
  Import took 0.040867 seconds .

========================================================================
Received Import Request.
  Time since last request: 19.492636 seconds.
  path: Assets/Prefabs/Player.prefab
  artifactKey: Guid(fe2e466ccf88cff448b517fb332933c5) Importer(815301076,1909f56bfc062723c751e8b465ee728b)
Start importing Assets/Prefabs/Player.prefab using Guid(fe2e466ccf88cff448b517fb332933c5) Importer(815301076,1909f56bfc062723c751e8b465ee728b)  -> (artifact id: '8fb8776fe70e46e5a4ad23d0fd4873d3') in 0.007810 seconds 
  Import took 0.010483 seconds .

========================================================================
Received Import Request.
  Time since last request: 774.130706 seconds.
  path: Assets/Blends/m1-abrams-on-tabs.blend
  artifactKey: Guid(c085dfbe743d80740bc079e4ef4c1485) Importer(815301076,1909f56bfc062723c751e8b465ee728b)
Start importing Assets/Blends/m1-abrams-on-tabs.blend using Guid(c085dfbe743d80740bc079e4ef4c1485) Importer(815301076,1909f56bfc062723c751e8b465ee728b)  -> (artifact id: '084570a9b65c6be1c11263bb8ca39446') in 0.433327 seconds 
  Import took 0.436218 seconds .

========================================================================
Received Import Request.
  Time since last request: 17.208578 seconds.
  path: Assets/Meshes
  artifactKey: Guid(648609661c67e364ba4291bd79adcfa2) Importer(815301076,1909f56bfc062723c751e8b465ee728b)
Start importing Assets/Meshes using Guid(648609661c67e364ba4291bd79adcfa2) Importer(815301076,1909f56bfc062723c751e8b465ee728b)  -> (artifact id: '3e09aefd9c5d403f4ded5af9734c13b6') in 0.003102 seconds 
  Import took 0.005567 seconds .

========================================================================
Received Import Request.
  Time since last request: 3.260051 seconds.
  path: Assets/Blends
  artifactKey: Guid(be9289ae28db640489e24c903ececb53) Importer(815301076,1909f56bfc062723c751e8b465ee728b)
Start importing Assets/Blends using Guid(be9289ae28db640489e24c903ececb53) Importer(815301076,1909f56bfc062723c751e8b465ee728b)  -> (artifact id: 'b1a688c9c524fa460a6ec56ac9f570ea') in 0.003632 seconds 
  Import took 0.006107 seconds .

========================================================================
Received Import Request.
  Time since last request: 139.568092 seconds.
  path: Assets/Blends/m1-abrams-on-tabs.blend
  artifactKey: Guid(c085dfbe743d80740bc079e4ef4c1485) Importer(815301076,1909f56bfc062723c751e8b465ee728b)
Start importing Assets/Blends/m1-abrams-on-tabs.blend using Guid(c085dfbe743d80740bc079e4ef4c1485) Importer(815301076,1909f56bfc062723c751e8b465ee728b)  -> (artifact id: '9ba71f7843a4e416fd7936aa51d34f9f') in 0.137898 seconds 
  Import took 0.140876 seconds .

========================================================================
Received Import Request.
  Time since last request: 78.677951 seconds.
  path: Assets/Blends/m1-abrams-on-tabs.blend
  artifactKey: Guid(c085dfbe743d80740bc079e4ef4c1485) Importer(815301076,1909f56bfc062723c751e8b465ee728b)
Start importing Assets/Blends/m1-abrams-on-tabs.blend using Guid(c085dfbe743d80740bc079e4ef4c1485) Importer(815301076,1909f56bfc062723c751e8b465ee728b)  -> (artifact id: 'ad9b4f2b040f195973859b4f8451a573') in 0.189130 seconds 
  Import took 0.192173 seconds .

========================================================================
Received Import Request.
  Time since last request: 11.643225 seconds.
  path: Assets/Blends/m1-abrams-on-tabs.blend
  artifactKey: Guid(c085dfbe743d80740bc079e4ef4c1485) Importer(815301076,1909f56bfc062723c751e8b465ee728b)
Start importing Assets/Blends/m1-abrams-on-tabs.blend using Guid(c085dfbe743d80740bc079e4ef4c1485) Importer(815301076,1909f56bfc062723c751e8b465ee728b)  -> (artifact id: '3857f4bfbdd79ef7954c5a3140d6bf0d') in 0.156380 seconds 
  Import took 0.159033 seconds .

========================================================================
Received Import Request.
  Time since last request: 6.007874 seconds.
  path: Assets/Blends/m1-abrams-on-tabs.blend
  artifactKey: Guid(c085dfbe743d80740bc079e4ef4c1485) Importer(815301076,1909f56bfc062723c751e8b465ee728b)
Start importing Assets/Blends/m1-abrams-on-tabs.blend using Guid(c085dfbe743d80740bc079e4ef4c1485) Importer(815301076,1909f56bfc062723c751e8b465ee728b)  -> (artifact id: 'b16776c44702387f254293c35a3e60bd') in 0.176310 seconds 
  Import took 0.179094 seconds .

========================================================================
Received Import Request.
  Time since last request: 20.390492 seconds.
  path: Assets/Blends/m1-abrams-on-tabs.blend
  artifactKey: Guid(c085dfbe743d80740bc079e4ef4c1485) Importer(815301076,1909f56bfc062723c751e8b465ee728b)
Start importing Assets/Blends/m1-abrams-on-tabs.blend using Guid(c085dfbe743d80740bc079e4ef4c1485) Importer(815301076,1909f56bfc062723c751e8b465ee728b)  -> (artifact id: '6d42905204e88573c92d446e209e386e') in 0.045826 seconds 
  Import took 0.048750 seconds .

========================================================================
Received Import Request.
  Time since last request: 20.697350 seconds.
  path: Assets/Blends/m1-abrams-on-tabs.blend
  artifactKey: Guid(c085dfbe743d80740bc079e4ef4c1485) Importer(815301076,1909f56bfc062723c751e8b465ee728b)
Start importing Assets/Blends/m1-abrams-on-tabs.blend using Guid(c085dfbe743d80740bc079e4ef4c1485) Importer(815301076,1909f56bfc062723c751e8b465ee728b)  -> (artifact id: '6541e2ff7b5e6e4d6885b5d7ca66ca6b') in 0.028719 seconds 
  Import took 0.031485 seconds .

========================================================================
Received Import Request.
  Time since last request: 88.844429 seconds.
  path: Assets/Materials/Blue Team.mat
  artifactKey: Guid(42065697465389d4298a677abf82e57d) Importer(815301076,1909f56bfc062723c751e8b465ee728b)
Start importing Assets/Materials/Blue Team.mat using Guid(42065697465389d4298a677abf82e57d) Importer(815301076,1909f56bfc062723c751e8b465ee728b)  -> (artifact id: '183e5b5199101fc9aee6dccf010a5f8b') in 0.011081 seconds 
  Import took 0.013717 seconds .

========================================================================
Received Import Request.
  Time since last request: 0.000185 seconds.
  path: Assets/Materials/Red Team.mat
  artifactKey: Guid(95947a1e198c0d74d8c0e7399e976cd2) Importer(815301076,1909f56bfc062723c751e8b465ee728b)
Start importing Assets/Materials/Red Team.mat using Guid(95947a1e198c0d74d8c0e7399e976cd2) Importer(815301076,1909f56bfc062723c751e8b465ee728b)  -> (artifact id: '5e052532160c2c334694c27d6c061878') in 0.010484 seconds 
  Import took 0.012727 seconds .

========================================================================
Received Import Request.
  Time since last request: 0.000216 seconds.
  path: Assets/Materials/Main Color.mat
  artifactKey: Guid(30cfd273ea9fedf4ca5057b99a2d9f01) Importer(815301076,1909f56bfc062723c751e8b465ee728b)
Start importing Assets/Materials/Main Color.mat using Guid(30cfd273ea9fedf4ca5057b99a2d9f01) Importer(815301076,1909f56bfc062723c751e8b465ee728b)  -> (artifact id: '37e7ada08819053c27928d7089b7fd9a') in 0.011720 seconds 
  Import took 0.014180 seconds .

========================================================================
Received Import Request.
  Time since last request: 0.000206 seconds.
  path: Assets/Materials/Dark.mat
  artifactKey: Guid(6d9cb23b1bdec034bb1eaaeabb057ecd) Importer(815301076,1909f56bfc062723c751e8b465ee728b)
Start importing Assets/Materials/Dark.mat using Guid(6d9cb23b1bdec034bb1eaaeabb057ecd) Importer(815301076,1909f56bfc062723c751e8b465ee728b)  -> (artifact id: '9ad7764304f96df409856ad0b7987bb4') in 0.008922 seconds 
  Import took 0.011355 seconds .

========================================================================
Received Import Request.
  Time since last request: 0.000143 seconds.
  path: Assets/Materials/Secondary Color.mat
  artifactKey: Guid(2a59c2b8ca381af418fd504849c270ba) Importer(815301076,1909f56bfc062723c751e8b465ee728b)
Start importing Assets/Materials/Secondary Color.mat using Guid(2a59c2b8ca381af418fd504849c270ba) Importer(815301076,1909f56bfc062723c751e8b465ee728b)  -> (artifact id: '32c3a6e0762cd44c68bd6389084725c6') in 0.009544 seconds 
  Import took 0.011683 seconds .

========================================================================
Received Import Request.
  Time since last request: 0.000235 seconds.
  path: Assets/Materials/Wheel.mat
  artifactKey: Guid(2b0c830b191615c4993cb379e39a9726) Importer(815301076,1909f56bfc062723c751e8b465ee728b)
Start importing Assets/Materials/Wheel.mat using Guid(2b0c830b191615c4993cb379e39a9726) Importer(815301076,1909f56bfc062723c751e8b465ee728b)  -> (artifact id: 'e7fe7c1425044bce97b7732288bf4df6') in 0.010469 seconds 
  Import took 0.012959 seconds .

========================================================================
Received Import Request.
  Time since last request: 365.988225 seconds.
  path: Assets/Prefabs/Player.prefab
  artifactKey: Guid(fe2e466ccf88cff448b517fb332933c5) Importer(815301076,1909f56bfc062723c751e8b465ee728b)
Start importing Assets/Prefabs/Player.prefab using Guid(fe2e466ccf88cff448b517fb332933c5) Importer(815301076,1909f56bfc062723c751e8b465ee728b)  -> (artifact id: '023b6c85ed34b0193019efc32a350bca') in 0.012514 seconds 
  Import took 0.015479 seconds .

========================================================================
Received Prepare
Registering precompiled user dll's ...
Registered in 0.004702 seconds.
Begin MonoManager ReloadAssembly
Native extension for WindowsStandalone target not found
Native extension for WebGL target not found
Refreshing native plugins compatible for Editor in 0.35 ms, found 0 plugins.
Preloading 0 native plugins for Editor in 0.00 ms.
Mono: successfully reloaded assembly
- Completed reload, in  0.695 seconds
Domain Reload Profiling:
	ReloadAssembly (695ms)
		BeginReloadAssembly (89ms)
			ExecutionOrderSort (0ms)
			DisableScriptedObjects (3ms)
			BackupInstance (0ms)
			ReleaseScriptingObjects (0ms)
			CreateAndSetChildDomain (25ms)
		EndReloadAssembly (561ms)
			LoadAssemblies (69ms)
			RebuildTransferFunctionScriptingTraits (0ms)
			SetupTypeCache (182ms)
			ReleaseScriptCaches (1ms)
			RebuildScriptCaches (29ms)
			SetupLoadedEditorAssemblies (211ms)
				LogAssemblyErrors (0ms)
				InitializePlatformSupportModulesInManaged (4ms)
				SetLoadedEditorAssemblies (0ms)
				RefreshPlugins (0ms)
				BeforeProcessingInitializeOnLoad (53ms)
				ProcessInitializeOnLoadAttributes (145ms)
				ProcessInitializeOnLoadMethodAttributes (6ms)
				AfterProcessingInitializeOnLoad (2ms)
				EditorAssembliesLoaded (0ms)
			ExecutionOrderSort2 (0ms)
			AwakeInstancesAfterBackupRestoration (5ms)
Platform modules already initialized, skipping
Refreshing native plugins compatible for Editor in 0.26 ms, found 0 plugins.
Preloading 0 native plugins for Editor in 0.00 ms.
Unloading 1575 Unused Serialized files (Serialized files now loaded: 0)
System memory in use before: 86.6 MB.
System memory in use after: 86.7 MB.

Unloading 16 unused Assets to reduce memory usage. Loaded Objects now: 2055.
Total: 2.720400 ms (FindLiveObjects: 0.162800 ms CreateObjectMapping: 0.034900 ms MarkObjects: 2.503200 ms  DeleteObjects: 0.018500 ms)

AssetImportParameters requested are different than current active one (requested -> active):
  custom:framework-win-MediaFoundation: 216162199b28c13a410421893ffa2e32 -> 
  custom:video-decoder-ogg-theora: a1e56fd34408186e4bbccfd4996cb3dc -> 
  custom:container-muxer-webm: aa71ff27fc2769a1b78a27578f13a17b -> 
  custom:container-demuxer-webm: 4f35f7cbe854078d1ac9338744f61a02 -> 
  custom:container-demuxer-ogg: 62fdf1f143b41e24485cea50d1cbac27 -> 
  custom:video-encoder-webm-vp8: eb34c28f22e8b96e1ab97ce403110664 -> 
  custom:video-decoder-webm-vp8: 9c59270c3fd7afecdb556c50c9e8de78 -> 
  custom:audio-decoder-ogg-vorbis: bf7c407c2cedff20999df2af8eb42d56 -> 
  custom:audio-encoder-webm-vorbis: bf7c407c2cedff20999df2af8eb42d56 -> 
========================================================================
Received Import Request.
  Time since last request: 411.923023 seconds.
  path: Assets/Blends/m1-abrams-on-tabs.blend
  artifactKey: Guid(c085dfbe743d80740bc079e4ef4c1485) Importer(815301076,1909f56bfc062723c751e8b465ee728b)
Start importing Assets/Blends/m1-abrams-on-tabs.blend using Guid(c085dfbe743d80740bc079e4ef4c1485) Importer(815301076,1909f56bfc062723c751e8b465ee728b)  -> (artifact id: 'b3014bbd54896e8dee3996cf035e3eb9') in 0.079024 seconds 
  Import took 0.081570 seconds .

========================================================================
Received Import Request.
  Time since last request: 26.378204 seconds.
  path: Assets/Prefabs/Player.prefab
  artifactKey: Guid(fe2e466ccf88cff448b517fb332933c5) Importer(815301076,1909f56bfc062723c751e8b465ee728b)
Start importing Assets/Prefabs/Player.prefab using Guid(fe2e466ccf88cff448b517fb332933c5) Importer(815301076,1909f56bfc062723c751e8b465ee728b)  -> (artifact id: '35bd94761fae4ebcd9dec33ace114f61') in 0.019385 seconds 
  Import took 0.022150 seconds .

========================================================================
Received Import Request.
  Time since last request: 0.972283 seconds.
  path: Assets/Prefabs/Player.prefab
  artifactKey: Guid(fe2e466ccf88cff448b517fb332933c5) Importer(815301076,1909f56bfc062723c751e8b465ee728b)
Start importing Assets/Prefabs/Player.prefab using Guid(fe2e466ccf88cff448b517fb332933c5) Importer(815301076,1909f56bfc062723c751e8b465ee728b)  -> (artifact id: '0b14897e6e903eba886c8f4c515c0195') in 0.021760 seconds 
  Import took 0.024574 seconds .

========================================================================
Received Import Request.
  Time since last request: 19.414389 seconds.
  path: Assets/Prefabs/Player.prefab
  artifactKey: Guid(fe2e466ccf88cff448b517fb332933c5) Importer(815301076,1909f56bfc062723c751e8b465ee728b)
Start importing Assets/Prefabs/Player.prefab using Guid(fe2e466ccf88cff448b517fb332933c5) Importer(815301076,1909f56bfc062723c751e8b465ee728b)  -> (artifact id: '33005f1a7d78d293faa06a4d388072af') in 0.014690 seconds 
  Import took 0.017461 seconds .

========================================================================
Received Import Request.
  Time since last request: 7.028179 seconds.
  path: Assets/Prefabs/Player.prefab
  artifactKey: Guid(fe2e466ccf88cff448b517fb332933c5) Importer(815301076,1909f56bfc062723c751e8b465ee728b)
Start importing Assets/Prefabs/Player.prefab using Guid(fe2e466ccf88cff448b517fb332933c5) Importer(815301076,1909f56bfc062723c751e8b465ee728b)  -> (artifact id: 'eb4cc45977278fa9a32d2255b08ea2ca') in 0.022189 seconds 
  Import took 0.025023 seconds .

========================================================================
Received Import Request.
  Time since last request: 1.004874 seconds.
  path: Assets/Prefabs/Player.prefab
  artifactKey: Guid(fe2e466ccf88cff448b517fb332933c5) Importer(815301076,1909f56bfc062723c751e8b465ee728b)
Start importing Assets/Prefabs/Player.prefab using Guid(fe2e466ccf88cff448b517fb332933c5) Importer(815301076,1909f56bfc062723c751e8b465ee728b)  -> (artifact id: 'da119d100b26c3299b471d689ad7f8f1') in 0.020719 seconds 
  Import took 0.023518 seconds .

========================================================================
Received Import Request.
  Time since last request: 8.932269 seconds.
  path: Assets/Prefabs/Player.prefab
  artifactKey: Guid(fe2e466ccf88cff448b517fb332933c5) Importer(815301076,1909f56bfc062723c751e8b465ee728b)
Start importing Assets/Prefabs/Player.prefab using Guid(fe2e466ccf88cff448b517fb332933c5) Importer(815301076,1909f56bfc062723c751e8b465ee728b)  -> (artifact id: 'eb977e60d169134d0595779f71d0a06d') in 0.023156 seconds 
  Import took 0.025967 seconds .

========================================================================
Received Import Request.
  Time since last request: 7.306892 seconds.
  path: Assets/Prefabs/Player.prefab
  artifactKey: Guid(fe2e466ccf88cff448b517fb332933c5) Importer(815301076,1909f56bfc062723c751e8b465ee728b)
Start importing Assets/Prefabs/Player.prefab using Guid(fe2e466ccf88cff448b517fb332933c5) Importer(815301076,1909f56bfc062723c751e8b465ee728b)  -> (artifact id: '643e72d5c31a5ca3e7a55476d839a6a2') in 0.022374 seconds 
  Import took 0.025122 seconds .

========================================================================
Received Import Request.
  Time since last request: 1.983431 seconds.
  path: Assets/Prefabs/Player.prefab
  artifactKey: Guid(fe2e466ccf88cff448b517fb332933c5) Importer(815301076,1909f56bfc062723c751e8b465ee728b)
Start importing Assets/Prefabs/Player.prefab using Guid(fe2e466ccf88cff448b517fb332933c5) Importer(815301076,1909f56bfc062723c751e8b465ee728b)  -> (artifact id: 'acfce2c9f2180d58a8ac6365510fe601') in 0.023879 seconds 
  Import took 0.026690 seconds .

========================================================================
Received Prepare
Registering precompiled user dll's ...
Registered in 0.004641 seconds.
Begin MonoManager ReloadAssembly
Native extension for WindowsStandalone target not found
Native extension for WebGL target not found
Refreshing native plugins compatible for Editor in 0.35 ms, found 0 plugins.
Preloading 0 native plugins for Editor in 0.00 ms.
Mono: successfully reloaded assembly
- Completed reload, in  0.682 seconds
Domain Reload Profiling:
	ReloadAssembly (683ms)
		BeginReloadAssembly (84ms)
			ExecutionOrderSort (0ms)
			DisableScriptedObjects (3ms)
			BackupInstance (0ms)
			ReleaseScriptingObjects (0ms)
			CreateAndSetChildDomain (24ms)
		EndReloadAssembly (555ms)
			LoadAssemblies (68ms)
			RebuildTransferFunctionScriptingTraits (0ms)
			SetupTypeCache (179ms)
			ReleaseScriptCaches (1ms)
			RebuildScriptCaches (28ms)
			SetupLoadedEditorAssemblies (211ms)
				LogAssemblyErrors (0ms)
				InitializePlatformSupportModulesInManaged (4ms)
				SetLoadedEditorAssemblies (0ms)
				RefreshPlugins (0ms)
				BeforeProcessingInitializeOnLoad (54ms)
				ProcessInitializeOnLoadAttributes (145ms)
				ProcessInitializeOnLoadMethodAttributes (6ms)
				AfterProcessingInitializeOnLoad (2ms)
				EditorAssembliesLoaded (0ms)
			ExecutionOrderSort2 (0ms)
			AwakeInstancesAfterBackupRestoration (5ms)
Platform modules already initialized, skipping
Refreshing native plugins compatible for Editor in 0.29 ms, found 0 plugins.
Preloading 0 native plugins for Editor in 0.00 ms.
Unloading 1575 Unused Serialized files (Serialized files now loaded: 0)
System memory in use before: 86.6 MB.
System memory in use after: 86.7 MB.

Unloading 16 unused Assets to reduce memory usage. Loaded Objects now: 2058.
Total: 2.742800 ms (FindLiveObjects: 0.164100 ms CreateObjectMapping: 0.033800 ms MarkObjects: 2.524100 ms  DeleteObjects: 0.019700 ms)

AssetImportParameters requested are different than current active one (requested -> active):
  custom:framework-win-MediaFoundation: 216162199b28c13a410421893ffa2e32 -> 
  custom:video-decoder-ogg-theora: a1e56fd34408186e4bbccfd4996cb3dc -> 
  custom:container-muxer-webm: aa71ff27fc2769a1b78a27578f13a17b -> 
  custom:container-demuxer-webm: 4f35f7cbe854078d1ac9338744f61a02 -> 
  custom:container-demuxer-ogg: 62fdf1f143b41e24485cea50d1cbac27 -> 
  custom:video-encoder-webm-vp8: eb34c28f22e8b96e1ab97ce403110664 -> 
  custom:video-decoder-webm-vp8: 9c59270c3fd7afecdb556c50c9e8de78 -> 
  custom:audio-decoder-ogg-vorbis: bf7c407c2cedff20999df2af8eb42d56 -> 
  custom:audio-encoder-webm-vorbis: bf7c407c2cedff20999df2af8eb42d56 -> 
========================================================================
Received Prepare
Registering precompiled user dll's ...
Registered in 0.004561 seconds.
Begin MonoManager ReloadAssembly
Native extension for WindowsStandalone target not found
Native extension for WebGL target not found
Refreshing native plugins compatible for Editor in 0.34 ms, found 0 plugins.
Preloading 0 native plugins for Editor in 0.00 ms.
Mono: successfully reloaded assembly
- Completed reload, in  0.689 seconds
Domain Reload Profiling:
	ReloadAssembly (689ms)
		BeginReloadAssembly (82ms)
			ExecutionOrderSort (0ms)
			DisableScriptedObjects (4ms)
			BackupInstance (0ms)
			ReleaseScriptingObjects (0ms)
			CreateAndSetChildDomain (23ms)
		EndReloadAssembly (557ms)
			LoadAssemblies (71ms)
			RebuildTransferFunctionScriptingTraits (0ms)
			SetupTypeCache (183ms)
			ReleaseScriptCaches (1ms)
			RebuildScriptCaches (28ms)
			SetupLoadedEditorAssemblies (208ms)
				LogAssemblyErrors (0ms)
				InitializePlatformSupportModulesInManaged (4ms)
				SetLoadedEditorAssemblies (0ms)
				RefreshPlugins (0ms)
				BeforeProcessingInitializeOnLoad (53ms)
				ProcessInitializeOnLoadAttributes (142ms)
				ProcessInitializeOnLoadMethodAttributes (6ms)
				AfterProcessingInitializeOnLoad (2ms)
				EditorAssembliesLoaded (0ms)
			ExecutionOrderSort2 (0ms)
			AwakeInstancesAfterBackupRestoration (5ms)
Platform modules already initialized, skipping
Refreshing native plugins compatible for Editor in 0.28 ms, found 0 plugins.
Preloading 0 native plugins for Editor in 0.00 ms.
Unloading 1576 Unused Serialized files (Serialized files now loaded: 0)
System memory in use before: 86.7 MB.
System memory in use after: 86.8 MB.

Unloading 16 unused Assets to reduce memory usage. Loaded Objects now: 2061.
Total: 2.583700 ms (FindLiveObjects: 0.164600 ms CreateObjectMapping: 0.041300 ms MarkObjects: 2.360000 ms  DeleteObjects: 0.016500 ms)

AssetImportParameters requested are different than current active one (requested -> active):
  custom:framework-win-MediaFoundation: 216162199b28c13a410421893ffa2e32 -> 
  custom:video-decoder-ogg-theora: a1e56fd34408186e4bbccfd4996cb3dc -> 
  custom:container-muxer-webm: aa71ff27fc2769a1b78a27578f13a17b -> 
  custom:container-demuxer-webm: 4f35f7cbe854078d1ac9338744f61a02 -> 
  custom:container-demuxer-ogg: 62fdf1f143b41e24485cea50d1cbac27 -> 
  custom:video-encoder-webm-vp8: eb34c28f22e8b96e1ab97ce403110664 -> 
  custom:video-decoder-webm-vp8: 9c59270c3fd7afecdb556c50c9e8de78 -> 
  custom:audio-decoder-ogg-vorbis: bf7c407c2cedff20999df2af8eb42d56 -> 
  custom:audio-encoder-webm-vorbis: bf7c407c2cedff20999df2af8eb42d56 -> 
========================================================================
Received Prepare
Registering precompiled user dll's ...
Registered in 0.004537 seconds.
Begin MonoManager ReloadAssembly
Native extension for WindowsStandalone target not found
Native extension for WebGL target not found
Refreshing native plugins compatible for Editor in 0.35 ms, found 0 plugins.
Preloading 0 native plugins for Editor in 0.00 ms.
Mono: successfully reloaded assembly
- Completed reload, in  0.701 seconds
Domain Reload Profiling:
	ReloadAssembly (702ms)
		BeginReloadAssembly (84ms)
			ExecutionOrderSort (0ms)
			DisableScriptedObjects (3ms)
			BackupInstance (0ms)
			ReleaseScriptingObjects (0ms)
			CreateAndSetChildDomain (23ms)
		EndReloadAssembly (571ms)
			LoadAssemblies (71ms)
			RebuildTransferFunctionScriptingTraits (0ms)
			SetupTypeCache (180ms)
			ReleaseScriptCaches (1ms)
			RebuildScriptCaches (31ms)
			SetupLoadedEditorAssemblies (220ms)
				LogAssemblyErrors (0ms)
				InitializePlatformSupportModulesInManaged (4ms)
				SetLoadedEditorAssemblies (0ms)
				RefreshPlugins (0ms)
				BeforeProcessingInitializeOnLoad (56ms)
				ProcessInitializeOnLoadAttributes (151ms)
				ProcessInitializeOnLoadMethodAttributes (6ms)
				AfterProcessingInitializeOnLoad (2ms)
				EditorAssembliesLoaded (0ms)
			ExecutionOrderSort2 (0ms)
			AwakeInstancesAfterBackupRestoration (5ms)
Platform modules already initialized, skipping
Refreshing native plugins compatible for Editor in 0.32 ms, found 0 plugins.
Preloading 0 native plugins for Editor in 0.00 ms.
Unloading 1576 Unused Serialized files (Serialized files now loaded: 0)
System memory in use before: 86.7 MB.
System memory in use after: 86.8 MB.

Unloading 16 unused Assets to reduce memory usage. Loaded Objects now: 2063.
Total: 2.714000 ms (FindLiveObjects: 0.176400 ms CreateObjectMapping: 0.036700 ms MarkObjects: 2.478600 ms  DeleteObjects: 0.021400 ms)

AssetImportParameters requested are different than current active one (requested -> active):
  custom:framework-win-MediaFoundation: 216162199b28c13a410421893ffa2e32 -> 
  custom:video-decoder-ogg-theora: a1e56fd34408186e4bbccfd4996cb3dc -> 
  custom:container-muxer-webm: aa71ff27fc2769a1b78a27578f13a17b -> 
  custom:container-demuxer-webm: 4f35f7cbe854078d1ac9338744f61a02 -> 
  custom:container-demuxer-ogg: 62fdf1f143b41e24485cea50d1cbac27 -> 
  custom:video-encoder-webm-vp8: eb34c28f22e8b96e1ab97ce403110664 -> 
  custom:video-decoder-webm-vp8: 9c59270c3fd7afecdb556c50c9e8de78 -> 
  custom:audio-decoder-ogg-vorbis: bf7c407c2cedff20999df2af8eb42d56 -> 
  custom:audio-encoder-webm-vorbis: bf7c407c2cedff20999df2af8eb42d56 -> 
========================================================================
Received Prepare
Registering precompiled user dll's ...
Registered in 0.004641 seconds.
Begin MonoManager ReloadAssembly
Native extension for WindowsStandalone target not found
Native extension for WebGL target not found
Refreshing native plugins compatible for Editor in 0.34 ms, found 0 plugins.
Preloading 0 native plugins for Editor in 0.00 ms.
Mono: successfully reloaded assembly
- Completed reload, in  0.691 seconds
Domain Reload Profiling:
	ReloadAssembly (692ms)
		BeginReloadAssembly (89ms)
			ExecutionOrderSort (0ms)
			DisableScriptedObjects (3ms)
			BackupInstance (0ms)
			ReleaseScriptingObjects (0ms)
			CreateAndSetChildDomain (22ms)
		EndReloadAssembly (556ms)
			LoadAssemblies (70ms)
			RebuildTransferFunctionScriptingTraits (0ms)
			SetupTypeCache (181ms)
			ReleaseScriptCaches (1ms)
			RebuildScriptCaches (28ms)
			SetupLoadedEditorAssemblies (210ms)
				LogAssemblyErrors (0ms)
				InitializePlatformSupportModulesInManaged (4ms)
				SetLoadedEditorAssemblies (0ms)
				RefreshPlugins (0ms)
				BeforeProcessingInitializeOnLoad (52ms)
				ProcessInitializeOnLoadAttributes (145ms)
				ProcessInitializeOnLoadMethodAttributes (6ms)
				AfterProcessingInitializeOnLoad (2ms)
				EditorAssembliesLoaded (0ms)
			ExecutionOrderSort2 (0ms)
			AwakeInstancesAfterBackupRestoration (5ms)
Platform modules already initialized, skipping
Refreshing native plugins compatible for Editor in 0.27 ms, found 0 plugins.
Preloading 0 native plugins for Editor in 0.00 ms.
Unloading 1576 Unused Serialized files (Serialized files now loaded: 0)
System memory in use before: 86.7 MB.
System memory in use after: 86.8 MB.

Unloading 16 unused Assets to reduce memory usage. Loaded Objects now: 2065.
Total: 2.556300 ms (FindLiveObjects: 0.172300 ms CreateObjectMapping: 0.033900 ms MarkObjects: 2.328700 ms  DeleteObjects: 0.020300 ms)

AssetImportParameters requested are different than current active one (requested -> active):
  custom:framework-win-MediaFoundation: 216162199b28c13a410421893ffa2e32 -> 
  custom:video-decoder-ogg-theora: a1e56fd34408186e4bbccfd4996cb3dc -> 
  custom:container-muxer-webm: aa71ff27fc2769a1b78a27578f13a17b -> 
  custom:container-demuxer-webm: 4f35f7cbe854078d1ac9338744f61a02 -> 
  custom:container-demuxer-ogg: 62fdf1f143b41e24485cea50d1cbac27 -> 
  custom:video-encoder-webm-vp8: eb34c28f22e8b96e1ab97ce403110664 -> 
  custom:video-decoder-webm-vp8: 9c59270c3fd7afecdb556c50c9e8de78 -> 
  custom:audio-decoder-ogg-vorbis: bf7c407c2cedff20999df2af8eb42d56 -> 
  custom:audio-encoder-webm-vorbis: bf7c407c2cedff20999df2af8eb42d56 -> 
========================================================================
Received Prepare
Registering precompiled user dll's ...
Registered in 0.004600 seconds.
Begin MonoManager ReloadAssembly
Native extension for WindowsStandalone target not found
Native extension for WebGL target not found
Refreshing native plugins compatible for Editor in 0.35 ms, found 0 plugins.
Preloading 0 native plugins for Editor in 0.00 ms.
Mono: successfully reloaded assembly
- Completed reload, in  0.695 seconds
Domain Reload Profiling:
	ReloadAssembly (695ms)
		BeginReloadAssembly (89ms)
			ExecutionOrderSort (0ms)
			DisableScriptedObjects (3ms)
			BackupInstance (0ms)
			ReleaseScriptingObjects (0ms)
			CreateAndSetChildDomain (22ms)
		EndReloadAssembly (561ms)
			LoadAssemblies (70ms)
			RebuildTransferFunctionScriptingTraits (0ms)
			SetupTypeCache (187ms)
			ReleaseScriptCaches (1ms)
			RebuildScriptCaches (28ms)
			SetupLoadedEditorAssemblies (208ms)
				LogAssemblyErrors (0ms)
				InitializePlatformSupportModulesInManaged (4ms)
				SetLoadedEditorAssemblies (0ms)
				RefreshPlugins (0ms)
				BeforeProcessingInitializeOnLoad (53ms)
				ProcessInitializeOnLoadAttributes (141ms)
				ProcessInitializeOnLoadMethodAttributes (7ms)
				AfterProcessingInitializeOnLoad (2ms)
				EditorAssembliesLoaded (0ms)
			ExecutionOrderSort2 (0ms)
			AwakeInstancesAfterBackupRestoration (5ms)
Platform modules already initialized, skipping
Refreshing native plugins compatible for Editor in 0.27 ms, found 0 plugins.
Preloading 0 native plugins for Editor in 0.00 ms.
Unloading 1576 Unused Serialized files (Serialized files now loaded: 0)
System memory in use before: 86.7 MB.
System memory in use after: 86.8 MB.

Unloading 16 unused Assets to reduce memory usage. Loaded Objects now: 2067.
Total: 2.729800 ms (FindLiveObjects: 0.177500 ms CreateObjectMapping: 0.034300 ms MarkObjects: 2.497700 ms  DeleteObjects: 0.019200 ms)

AssetImportParameters requested are different than current active one (requested -> active):
  custom:framework-win-MediaFoundation: 216162199b28c13a410421893ffa2e32 -> 
  custom:video-decoder-ogg-theora: a1e56fd34408186e4bbccfd4996cb3dc -> 
  custom:container-muxer-webm: aa71ff27fc2769a1b78a27578f13a17b -> 
  custom:container-demuxer-webm: 4f35f7cbe854078d1ac9338744f61a02 -> 
  custom:container-demuxer-ogg: 62fdf1f143b41e24485cea50d1cbac27 -> 
  custom:video-encoder-webm-vp8: eb34c28f22e8b96e1ab97ce403110664 -> 
  custom:video-decoder-webm-vp8: 9c59270c3fd7afecdb556c50c9e8de78 -> 
  custom:audio-decoder-ogg-vorbis: bf7c407c2cedff20999df2af8eb42d56 -> 
  custom:audio-encoder-webm-vorbis: bf7c407c2cedff20999df2af8eb42d56 -> 
========================================================================
Received Prepare
Registering precompiled user dll's ...
Registered in 0.004605 seconds.
Begin MonoManager ReloadAssembly
Native extension for WindowsStandalone target not found
Native extension for WebGL target not found
Refreshing native plugins compatible for Editor in 0.34 ms, found 0 plugins.
Preloading 0 native plugins for Editor in 0.00 ms.
Mono: successfully reloaded assembly
- Completed reload, in  0.706 seconds
Domain Reload Profiling:
	ReloadAssembly (706ms)
		BeginReloadAssembly (90ms)
			ExecutionOrderSort (0ms)
			DisableScriptedObjects (4ms)
			BackupInstance (0ms)
			ReleaseScriptingObjects (0ms)
			CreateAndSetChildDomain (22ms)
		EndReloadAssembly (571ms)
			LoadAssemblies (70ms)
			RebuildTransferFunctionScriptingTraits (0ms)
			SetupTypeCache (182ms)
			ReleaseScriptCaches (1ms)
			RebuildScriptCaches (29ms)
			SetupLoadedEditorAssemblies (218ms)
				LogAssemblyErrors (0ms)
				InitializePlatformSupportModulesInManaged (4ms)
				SetLoadedEditorAssemblies (0ms)
				RefreshPlugins (0ms)
				BeforeProcessingInitializeOnLoad (54ms)
				ProcessInitializeOnLoadAttributes (150ms)
				ProcessInitializeOnLoadMethodAttributes (6ms)
				AfterProcessingInitializeOnLoad (3ms)
				EditorAssembliesLoaded (0ms)
			ExecutionOrderSort2 (0ms)
			AwakeInstancesAfterBackupRestoration (6ms)
Platform modules already initialized, skipping
Refreshing native plugins compatible for Editor in 0.37 ms, found 0 plugins.
Preloading 0 native plugins for Editor in 0.00 ms.
Unloading 1576 Unused Serialized files (Serialized files now loaded: 0)
System memory in use before: 86.7 MB.
System memory in use after: 86.8 MB.

Unloading 16 unused Assets to reduce memory usage. Loaded Objects now: 2069.
Total: 2.764300 ms (FindLiveObjects: 0.170300 ms CreateObjectMapping: 0.035200 ms MarkObjects: 2.535700 ms  DeleteObjects: 0.022000 ms)

AssetImportParameters requested are different than current active one (requested -> active):
  custom:framework-win-MediaFoundation: 216162199b28c13a410421893ffa2e32 -> 
  custom:video-decoder-ogg-theora: a1e56fd34408186e4bbccfd4996cb3dc -> 
  custom:container-muxer-webm: aa71ff27fc2769a1b78a27578f13a17b -> 
  custom:container-demuxer-webm: 4f35f7cbe854078d1ac9338744f61a02 -> 
  custom:container-demuxer-ogg: 62fdf1f143b41e24485cea50d1cbac27 -> 
  custom:video-encoder-webm-vp8: eb34c28f22e8b96e1ab97ce403110664 -> 
  custom:video-decoder-webm-vp8: 9c59270c3fd7afecdb556c50c9e8de78 -> 
  custom:audio-decoder-ogg-vorbis: bf7c407c2cedff20999df2af8eb42d56 -> 
  custom:audio-encoder-webm-vorbis: bf7c407c2cedff20999df2af8eb42d56 -> 
========================================================================
Received Import Request.
  Time since last request: 846.009550 seconds.
  path: Assets/uEcho.zip
  artifactKey: Guid(e306a250acaa26046a99965c20ac018e) Importer(815301076,1909f56bfc062723c751e8b465ee728b)
Start importing Assets/uEcho.zip using Guid(e306a250acaa26046a99965c20ac018e) Importer(815301076,1909f56bfc062723c751e8b465ee728b)  -> (artifact id: '26f2d557c200bacdecd336f5f12a89bb') in 0.018413 seconds 
  Import took 0.021046 seconds .

========================================================================
Received Prepare
Registering precompiled user dll's ...
Registered in 0.004912 seconds.
Begin MonoManager ReloadAssembly
Native extension for WindowsStandalone target not found
Native extension for WebGL target not found
Refreshing native plugins compatible for Editor in 0.37 ms, found 0 plugins.
Preloading 0 native plugins for Editor in 0.00 ms.
Mono: successfully reloaded assembly
- Completed reload, in  0.717 seconds
Domain Reload Profiling:
	ReloadAssembly (717ms)
		BeginReloadAssembly (96ms)
			ExecutionOrderSort (0ms)
			DisableScriptedObjects (3ms)
			BackupInstance (0ms)
			ReleaseScriptingObjects (0ms)
			CreateAndSetChildDomain (23ms)
		EndReloadAssembly (575ms)
			LoadAssemblies (71ms)
			RebuildTransferFunctionScriptingTraits (0ms)
			SetupTypeCache (183ms)
			ReleaseScriptCaches (1ms)
			RebuildScriptCaches (29ms)
			SetupLoadedEditorAssemblies (216ms)
				LogAssemblyErrors (0ms)
				InitializePlatformSupportModulesInManaged (4ms)
				SetLoadedEditorAssemblies (0ms)
				RefreshPlugins (0ms)
				BeforeProcessingInitializeOnLoad (55ms)
				ProcessInitializeOnLoadAttributes (147ms)
				ProcessInitializeOnLoadMethodAttributes (6ms)
				AfterProcessingInitializeOnLoad (2ms)
				EditorAssembliesLoaded (0ms)
			ExecutionOrderSort2 (0ms)
			AwakeInstancesAfterBackupRestoration (5ms)
Platform modules already initialized, skipping
Refreshing native plugins compatible for Editor in 0.35 ms, found 0 plugins.
Preloading 0 native plugins for Editor in 0.00 ms.
Unloading 1576 Unused Serialized files (Serialized files now loaded: 0)
System memory in use before: 86.7 MB.
System memory in use after: 86.8 MB.

Unloading 16 unused Assets to reduce memory usage. Loaded Objects now: 2071.
Total: 2.819500 ms (FindLiveObjects: 0.193400 ms CreateObjectMapping: 0.033700 ms MarkObjects: 2.568300 ms  DeleteObjects: 0.022600 ms)

AssetImportParameters requested are different than current active one (requested -> active):
  custom:framework-win-MediaFoundation: 216162199b28c13a410421893ffa2e32 -> 
  custom:video-decoder-ogg-theora: a1e56fd34408186e4bbccfd4996cb3dc -> 
  custom:container-muxer-webm: aa71ff27fc2769a1b78a27578f13a17b -> 
  custom:container-demuxer-webm: 4f35f7cbe854078d1ac9338744f61a02 -> 
  custom:container-demuxer-ogg: 62fdf1f143b41e24485cea50d1cbac27 -> 
  custom:video-encoder-webm-vp8: eb34c28f22e8b96e1ab97ce403110664 -> 
  custom:video-decoder-webm-vp8: 9c59270c3fd7afecdb556c50c9e8de78 -> 
  custom:audio-decoder-ogg-vorbis: bf7c407c2cedff20999df2af8eb42d56 -> 
  custom:audio-encoder-webm-vorbis: bf7c407c2cedff20999df2af8eb42d56 -> 
AssetImportWorkerClient::OnTransportError - code=2 error=End of file
